  BinaryNode.cpp
c:\users\somat\documents\cs3220 s19\finished assignments\module 2\project1\project1\binarynode.cpp(12): error C2995: 'BinaryNode<ItemType>::BinaryNode(void)': function template has already been defined
  c:\users\somat\documents\cs3220 s19\finished assignments\module 2\project1\project1\binarynode.h(19): note: see declaration of 'BinaryNode<ItemType>::BinaryNode'
c:\users\somat\documents\cs3220 s19\finished assignments\module 2\project1\project1\binarynode.cpp(17): error C2995: 'BinaryNode<ItemType>::BinaryNode(const ItemType &)': function template has already been defined
  c:\users\somat\documents\cs3220 s19\finished assignments\module 2\project1\project1\binarynode.h(20): note: see declaration of 'BinaryNode<ItemType>::BinaryNode'
c:\users\somat\documents\cs3220 s19\finished assignments\module 2\project1\project1\binarynode.cpp(23): error C2995: 'BinaryNode<ItemType>::BinaryNode(const ItemType &,BinaryNode<ItemType> *,BinaryNode<ItemType> *)': function template has already been defined
  c:\users\somat\documents\cs3220 s19\finished assignments\module 2\project1\project1\binarynode.h(21): note: see declaration of 'BinaryNode<ItemType>::BinaryNode'
c:\users\somat\documents\cs3220 s19\finished assignments\module 2\project1\project1\binarynode.cpp(29): error C2995: 'void BinaryNode<ItemType>::setItem(const ItemType &)': function template has already been defined
  c:\users\somat\documents\cs3220 s19\finished assignments\module 2\project1\project1\binarynode.h(25): note: see declaration of 'BinaryNode<ItemType>::setItem'
c:\users\somat\documents\cs3220 s19\finished assignments\module 2\project1\project1\binarynode.cpp(35): error C2995: 'ItemType BinaryNode<ItemType>::getItem(void) const': function template has already been defined
  c:\users\somat\documents\cs3220 s19\finished assignments\module 2\project1\project1\binarynode.h(26): note: see declaration of 'BinaryNode<ItemType>::getItem'
c:\users\somat\documents\cs3220 s19\finished assignments\module 2\project1\project1\binarynode.cpp(41): error C2995: 'bool BinaryNode<ItemType>::isLeaf(void) const': function template has already been defined
  c:\users\somat\documents\cs3220 s19\finished assignments\module 2\project1\project1\binarynode.h(28): note: see declaration of 'BinaryNode<ItemType>::isLeaf'
c:\users\somat\documents\cs3220 s19\finished assignments\module 2\project1\project1\binarynode.cpp(47): error C2995: 'void BinaryNode<ItemType>::setLeftChildPtr(BinaryNode<ItemType> *)': function template has already been defined
  c:\users\somat\documents\cs3220 s19\finished assignments\module 2\project1\project1\binarynode.h(33): note: see declaration of 'BinaryNode<ItemType>::setLeftChildPtr'
c:\users\somat\documents\cs3220 s19\finished assignments\module 2\project1\project1\binarynode.cpp(53): error C2995: 'void BinaryNode<ItemType>::setRightChildPtr(BinaryNode<ItemType> *)': function template has already been defined
  c:\users\somat\documents\cs3220 s19\finished assignments\module 2\project1\project1\binarynode.h(34): note: see declaration of 'BinaryNode<ItemType>::setRightChildPtr'
c:\users\somat\documents\cs3220 s19\finished assignments\module 2\project1\project1\binarynode.cpp(59): error C2995: 'BinaryNode<ItemType> *BinaryNode<ItemType>::getLeftChildPtr(void) const': function template has already been defined
  c:\users\somat\documents\cs3220 s19\finished assignments\module 2\project1\project1\binarynode.h(30): note: see declaration of 'BinaryNode<ItemType>::getLeftChildPtr'
c:\users\somat\documents\cs3220 s19\finished assignments\module 2\project1\project1\binarynode.cpp(65): error C2995: 'BinaryNode<ItemType> *BinaryNode<ItemType>::getRightChildPtr(void) const': function template has already been defined
  c:\users\somat\documents\cs3220 s19\finished assignments\module 2\project1\project1\binarynode.h(31): note: see declaration of 'BinaryNode<ItemType>::getRightChildPtr'
  BinaryNodeTree.cpp
c:\users\somat\documents\cs3220 s19\finished assignments\module 2\project1\project1\binarynodetree.cpp(23): error C2995: 'int BinaryNodeTree<ItemType>::getHeightHelper(BinaryNode<ItemType> *) const': function template has already been defined
  c:\users\somat\documents\cs3220 s19\finished assignments\module 2\project1\project1\binarynodetree.h(27): note: see declaration of 'BinaryNodeTree<ItemType>::getHeightHelper'
c:\users\somat\documents\cs3220 s19\finished assignments\module 2\project1\project1\binarynodetree.cpp(33): error C2995: 'int BinaryNodeTree<ItemType>::getNumberOfNodesHelper(BinaryNode<ItemType> *) const': function template has already been defined
  c:\users\somat\documents\cs3220 s19\finished assignments\module 2\project1\project1\binarynodetree.h(28): note: see declaration of 'BinaryNodeTree<ItemType>::getNumberOfNodesHelper'
c:\users\somat\documents\cs3220 s19\finished assignments\module 2\project1\project1\binarynodetree.cpp(59): error C2995: 'BinaryNode<ItemType> *BinaryNodeTree<ItemType>::balancedAdd(BinaryNode<ItemType> *,BinaryNode<ItemType> *)': function template has already been defined
  c:\users\somat\documents\cs3220 s19\finished assignments\module 2\project1\project1\binarynodetree.h(35): note: see declaration of 'BinaryNodeTree<ItemType>::balancedAdd'
c:\users\somat\documents\cs3220 s19\finished assignments\module 2\project1\project1\binarynodetree.cpp(92): error C2995: 'BinaryNode<ItemType> *BinaryNodeTree<ItemType>::moveValuesUpTree(BinaryNode<ItemType> *)': function template has already been defined
  c:\users\somat\documents\cs3220 s19\finished assignments\module 2\project1\project1\binarynodetree.h(46): note: see declaration of 'BinaryNodeTree<ItemType>::moveValuesUpTree'
c:\users\somat\documents\cs3220 s19\finished assignments\module 2\project1\project1\binarynodetree.cpp(125): error C2995: 'BinaryNode<ItemType> *BinaryNodeTree<ItemType>::removeValue(BinaryNode<ItemType> *,const ItemType,bool &)': function template has already been defined
  c:\users\somat\documents\cs3220 s19\finished assignments\module 2\project1\project1\binarynodetree.h(40): note: see declaration of 'BinaryNodeTree<ItemType>::removeValue'
c:\users\somat\documents\cs3220 s19\finished assignments\module 2\project1\project1\binarynodetree.cpp(150): error C2995: 'BinaryNode<ItemType> *BinaryNodeTree<ItemType>::findNode(BinaryNode<ItemType> *,const ItemType &,bool &) const': function template has already been defined
  c:\users\somat\documents\cs3220 s19\finished assignments\module 2\project1\project1\binarynodetree.h(50): note: see declaration of 'BinaryNodeTree<ItemType>::findNode'
c:\users\somat\documents\cs3220 s19\finished assignments\module 2\project1\project1\binarynodetree.cpp(167): error C2995: 'BinaryNode<ItemType> *BinaryNodeTree<ItemType>::copyTree(const BinaryNode<ItemType> *) const': function template has already been defined
  c:\users\somat\documents\cs3220 s19\finished assignments\module 2\project1\project1\binarynodetree.h(56): note: see declaration of 'BinaryNodeTree<ItemType>::copyTree'
c:\users\somat\documents\cs3220 s19\finished assignments\module 2\project1\project1\binarynodetree.cpp(178): error C2995: 'void BinaryNodeTree<ItemType>::destroyTree(BinaryNode<ItemType> *)': function template has already been defined
  c:\users\somat\documents\cs3220 s19\finished assignments\module 2\project1\project1\binarynodetree.h(31): note: see declaration of 'BinaryNodeTree<ItemType>::destroyTree'
c:\users\somat\documents\cs3220 s19\finished assignments\module 2\project1\project1\binarynodetree.cpp(194): error C2995: 'void BinaryNodeTree<ItemType>::preorder(void (__cdecl *)(ItemType &),BinaryNode<ItemType> *) const': function template has already been defined
  c:\users\somat\documents\cs3220 s19\finished assignments\module 2\project1\project1\binarynodetree.h(59): note: see declaration of 'BinaryNodeTree<ItemType>::preorder'
c:\users\somat\documents\cs3220 s19\finished assignments\module 2\project1\project1\binarynodetree.cpp(206): error C2995: 'void BinaryNodeTree<ItemType>::inorder(void (__cdecl *)(ItemType &),BinaryNode<ItemType> *) const': function template has already been defined
  c:\users\somat\documents\cs3220 s19\finished assignments\module 2\project1\project1\binarynodetree.h(60): note: see declaration of 'BinaryNodeTree<ItemType>::inorder'
c:\users\somat\documents\cs3220 s19\finished assignments\module 2\project1\project1\binarynodetree.cpp(218): error C2995: 'void BinaryNodeTree<ItemType>::postorder(void (__cdecl *)(ItemType &),BinaryNode<ItemType> *) const': function template has already been defined
  c:\users\somat\documents\cs3220 s19\finished assignments\module 2\project1\project1\binarynodetree.h(61): note: see declaration of 'BinaryNodeTree<ItemType>::postorder'
c:\users\somat\documents\cs3220 s19\finished assignments\module 2\project1\project1\binarynodetree.cpp(231): error C2995: 'BinaryNodeTree<ItemType>::BinaryNodeTree(void)': function template has already been defined
  c:\users\somat\documents\cs3220 s19\finished assignments\module 2\project1\project1\binarynodetree.h(67): note: see declaration of 'BinaryNodeTree<ItemType>::BinaryNodeTree'
c:\users\somat\documents\cs3220 s19\finished assignments\module 2\project1\project1\binarynodetree.cpp(237): error C2995: 'BinaryNodeTree<ItemType>::BinaryNodeTree(const ItemType &)': function template has already been defined
  c:\users\somat\documents\cs3220 s19\finished assignments\module 2\project1\project1\binarynodetree.h(68): note: see declaration of 'BinaryNodeTree<ItemType>::BinaryNodeTree'
c:\users\somat\documents\cs3220 s19\finished assignments\module 2\project1\project1\binarynodetree.cpp(246): error C2995: 'BinaryNodeTree<ItemType>::BinaryNodeTree(const ItemType &,const BinaryNodeTree<ItemType> *,const BinaryNodeTree<ItemType> *)': function template has already been defined
  c:\users\somat\documents\cs3220 s19\finished assignments\module 2\project1\project1\binarynodetree.h(69): note: see declaration of 'BinaryNodeTree<ItemType>::BinaryNodeTree'
c:\users\somat\documents\cs3220 s19\finished assignments\module 2\project1\project1\binarynodetree.cpp(252): error C2995: 'BinaryNodeTree<ItemType>::BinaryNodeTree(const BinaryNodeTree<ItemType> &)': function template has already been defined
  c:\users\somat\documents\cs3220 s19\finished assignments\module 2\project1\project1\binarynodetree.h(72): note: see declaration of 'BinaryNodeTree<ItemType>::BinaryNodeTree'
c:\users\somat\documents\cs3220 s19\finished assignments\module 2\project1\project1\binarynodetree.cpp(258): error C2995: 'BinaryNodeTree<ItemType>::~BinaryNodeTree(void)': function template has already been defined
  c:\users\somat\documents\cs3220 s19\finished assignments\module 2\project1\project1\binarynodetree.h(73): note: see declaration of 'BinaryNodeTree<ItemType>::~BinaryNodeTree'
c:\users\somat\documents\cs3220 s19\finished assignments\module 2\project1\project1\binarynodetree.cpp(269): error C2995: 'bool BinaryNodeTree<ItemType>::isEmpty(void) const': function template has already been defined
  c:\users\somat\documents\cs3220 s19\finished assignments\module 2\project1\project1\binarynodetree.h(78): note: see declaration of 'BinaryNodeTree<ItemType>::isEmpty'
c:\users\somat\documents\cs3220 s19\finished assignments\module 2\project1\project1\binarynodetree.cpp(275): error C2995: 'int BinaryNodeTree<ItemType>::getHeight(void) const': function template has already been defined
  c:\users\somat\documents\cs3220 s19\finished assignments\module 2\project1\project1\binarynodetree.h(79): note: see declaration of 'BinaryNodeTree<ItemType>::getHeight'
c:\users\somat\documents\cs3220 s19\finished assignments\module 2\project1\project1\binarynodetree.cpp(281): error C2995: 'int BinaryNodeTree<ItemType>::getNumberOfNodes(void) const': function template has already been defined
  c:\users\somat\documents\cs3220 s19\finished assignments\module 2\project1\project1\binarynodetree.h(80): note: see declaration of 'BinaryNodeTree<ItemType>::getNumberOfNodes'
c:\users\somat\documents\cs3220 s19\finished assignments\module 2\project1\project1\binarynodetree.cpp(288): error C2995: 'void BinaryNodeTree<ItemType>::clear(void)': function template has already been defined
  c:\users\somat\documents\cs3220 s19\finished assignments\module 2\project1\project1\binarynodetree.h(85): note: see declaration of 'BinaryNodeTree<ItemType>::clear'
c:\users\somat\documents\cs3220 s19\finished assignments\module 2\project1\project1\binarynodetree.cpp(297): error C2995: 'ItemType BinaryNodeTree<ItemType>::getRootData(void) throw(PrecondViolatedExcept) const': function template has already been defined
  c:\users\somat\documents\cs3220 s19\finished assignments\module 2\project1\project1\binarynodetree.h(81): note: see declaration of 'BinaryNodeTree<ItemType>::getRootData'
c:\users\somat\documents\cs3220 s19\finished assignments\module 2\project1\project1\binarynodetree.cpp(306): error C2995: 'void BinaryNodeTree<ItemType>::setRootData(const ItemType &)': function template has already been defined
  c:\users\somat\documents\cs3220 s19\finished assignments\module 2\project1\project1\binarynodetree.h(82): note: see declaration of 'BinaryNodeTree<ItemType>::setRootData'
c:\users\somat\documents\cs3220 s19\finished assignments\module 2\project1\project1\binarynodetree.cpp(314): error C2995: 'bool BinaryNodeTree<ItemType>::add(const ItemType &)': function template has already been defined
  c:\users\somat\documents\cs3220 s19\finished assignments\module 2\project1\project1\binarynodetree.h(83): note: see declaration of 'BinaryNodeTree<ItemType>::add'
c:\users\somat\documents\cs3220 s19\finished assignments\module 2\project1\project1\binarynodetree.cpp(322): error C2995: 'bool BinaryNodeTree<ItemType>::remove(const ItemType &)': function template has already been defined
  c:\users\somat\documents\cs3220 s19\finished assignments\module 2\project1\project1\binarynodetree.h(84): note: see declaration of 'BinaryNodeTree<ItemType>::remove'
c:\users\somat\documents\cs3220 s19\finished assignments\module 2\project1\project1\binarynodetree.cpp(334): error C2995: 'ItemType BinaryNodeTree<ItemType>::getEntry(const ItemType &) throw(NotFoundException) const': function template has already been defined
  c:\users\somat\documents\cs3220 s19\finished assignments\module 2\project1\project1\binarynodetree.h(86): note: see declaration of 'BinaryNodeTree<ItemType>::getEntry'
c:\users\somat\documents\cs3220 s19\finished assignments\module 2\project1\project1\binarynodetree.cpp(342): error C2995: 'bool BinaryNodeTree<ItemType>::contains(const ItemType &) const': function template has already been defined
  c:\users\somat\documents\cs3220 s19\finished assignments\module 2\project1\project1\binarynodetree.h(87): note: see declaration of 'BinaryNodeTree<ItemType>::contains'
c:\users\somat\documents\cs3220 s19\finished assignments\module 2\project1\project1\binarynodetree.cpp(352): error C2995: 'void BinaryNodeTree<ItemType>::preorderTraverse(void (__cdecl *)(ItemType &)) const': function template has already been defined
  c:\users\somat\documents\cs3220 s19\finished assignments\module 2\project1\project1\binarynodetree.h(92): note: see declaration of 'BinaryNodeTree<ItemType>::preorderTraverse'
c:\users\somat\documents\cs3220 s19\finished assignments\module 2\project1\project1\binarynodetree.cpp(358): error C2995: 'void BinaryNodeTree<ItemType>::inorderTraverse(void (__cdecl *)(ItemType &)) const': function template has already been defined
  c:\users\somat\documents\cs3220 s19\finished assignments\module 2\project1\project1\binarynodetree.h(93): note: see declaration of 'BinaryNodeTree<ItemType>::inorderTraverse'
c:\users\somat\documents\cs3220 s19\finished assignments\module 2\project1\project1\binarynodetree.cpp(364): error C2995: 'void BinaryNodeTree<ItemType>::postorderTraverse(void (__cdecl *)(ItemType &)) const': function template has already been defined
  c:\users\somat\documents\cs3220 s19\finished assignments\module 2\project1\project1\binarynodetree.h(94): note: see declaration of 'BinaryNodeTree<ItemType>::postorderTraverse'
c:\users\somat\documents\cs3220 s19\finished assignments\module 2\project1\project1\binarynodetree.cpp(378): error C2995: 'BinaryNodeTree<ItemType> &BinaryNodeTree<ItemType>::operator =(const BinaryNodeTree<ItemType> &)': function template has already been defined
  c:\users\somat\documents\cs3220 s19\finished assignments\module 2\project1\project1\binarynodetree.h(99): note: see declaration of 'BinaryNodeTree<ItemType>::operator ='
  BinarySearchTree.cpp
c:\users\somat\documents\cs3220 s19\finished assignments\module 2\project1\project1\binarysearchtree.cpp(31): error C2995: 'BinaryNode<ItemType> *BinarySearchTree<ItemType>::insertInorder(BinaryNode<ItemType> *,BinaryNode<ItemType> *)': function template has already been defined
  c:\users\somat\documents\cs3220 s19\finished assignments\module 2\project1\project1\binarysearchtree.h(30): note: see declaration of 'BinarySearchTree<ItemType>::insertInorder'
c:\users\somat\documents\cs3220 s19\finished assignments\module 2\project1\project1\binarysearchtree.cpp(62): error C2995: 'BinaryNode<ItemType> *BinarySearchTree<ItemType>::removeValue(BinaryNode<ItemType> *,const ItemType,bool &)': function template has already been defined
  c:\users\somat\documents\cs3220 s19\finished assignments\module 2\project1\project1\binarysearchtree.h(35): note: see declaration of 'BinarySearchTree<ItemType>::removeValue'
c:\users\somat\documents\cs3220 s19\finished assignments\module 2\project1\project1\binarysearchtree.cpp(123): error C2995: 'BinaryNode<ItemType> *BinarySearchTree<ItemType>::removeNode(BinaryNode<ItemType> *)': function template has already been defined
  c:\users\somat\documents\cs3220 s19\finished assignments\module 2\project1\project1\binarysearchtree.h(41): note: see declaration of 'BinarySearchTree<ItemType>::removeNode'
c:\users\somat\documents\cs3220 s19\finished assignments\module 2\project1\project1\binarysearchtree.cpp(139): error C2995: 'BinaryNode<ItemType> *BinarySearchTree<ItemType>::removeLeftmostNode(BinaryNode<ItemType> *,ItemType &)': function template has already been defined
  c:\users\somat\documents\cs3220 s19\finished assignments\module 2\project1\project1\binarysearchtree.h(47): note: see declaration of 'BinarySearchTree<ItemType>::removeLeftmostNode'
c:\users\somat\documents\cs3220 s19\finished assignments\module 2\project1\project1\binarysearchtree.cpp(174): error C2995: 'BinaryNode<ItemType> *BinarySearchTree<ItemType>::findNode(BinaryNode<ItemType> *,const ItemType &) const': function template has already been defined
  c:\users\somat\documents\cs3220 s19\finished assignments\module 2\project1\project1\binarysearchtree.h(52): note: see declaration of 'BinarySearchTree<ItemType>::findNode'
c:\users\somat\documents\cs3220 s19\finished assignments\module 2\project1\project1\binarysearchtree.cpp(189): error C2995: 'BinarySearchTree<ItemType>::BinarySearchTree(void)': function template has already been defined
  c:\users\somat\documents\cs3220 s19\finished assignments\module 2\project1\project1\binarysearchtree.h(59): note: see declaration of 'BinarySearchTree<ItemType>::BinarySearchTree'
c:\users\somat\documents\cs3220 s19\finished assignments\module 2\project1\project1\binarysearchtree.cpp(195): error C2995: 'BinarySearchTree<ItemType>::BinarySearchTree(const ItemType &)': function template has already been defined
  c:\users\somat\documents\cs3220 s19\finished assignments\module 2\project1\project1\binarysearchtree.h(60): note: see declaration of 'BinarySearchTree<ItemType>::BinarySearchTree'
c:\users\somat\documents\cs3220 s19\finished assignments\module 2\project1\project1\binarysearchtree.cpp(201): error C2995: 'BinarySearchTree<ItemType>::BinarySearchTree(const BinarySearchTree<ItemType> &)': function template has already been defined
  c:\users\somat\documents\cs3220 s19\finished assignments\module 2\project1\project1\binarysearchtree.h(61): note: see declaration of 'BinarySearchTree<ItemType>::BinarySearchTree'
c:\users\somat\documents\cs3220 s19\finished assignments\module 2\project1\project1\binarysearchtree.cpp(207): error C2995: 'BinarySearchTree<ItemType>::~BinarySearchTree(void)': function template has already been defined
  c:\users\somat\documents\cs3220 s19\finished assignments\module 2\project1\project1\binarysearchtree.h(62): note: see declaration of 'BinarySearchTree<ItemType>::~BinarySearchTree'
c:\users\somat\documents\cs3220 s19\finished assignments\module 2\project1\project1\binarysearchtree.cpp(218): error C2995: 'bool BinarySearchTree<ItemType>::isEmpty(void) const': function template has already been defined
  c:\users\somat\documents\cs3220 s19\finished assignments\module 2\project1\project1\binarysearchtree.h(67): note: see declaration of 'BinarySearchTree<ItemType>::isEmpty'
c:\users\somat\documents\cs3220 s19\finished assignments\module 2\project1\project1\binarysearchtree.cpp(224): error C2995: 'int BinarySearchTree<ItemType>::getHeight(void) const': function template has already been defined
  c:\users\somat\documents\cs3220 s19\finished assignments\module 2\project1\project1\binarysearchtree.h(68): note: see declaration of 'BinarySearchTree<ItemType>::getHeight'
c:\users\somat\documents\cs3220 s19\finished assignments\module 2\project1\project1\binarysearchtree.cpp(230): error C2995: 'int BinarySearchTree<ItemType>::getNumberOfNodes(void) const': function template has already been defined
  c:\users\somat\documents\cs3220 s19\finished assignments\module 2\project1\project1\binarysearchtree.h(69): note: see declaration of 'BinarySearchTree<ItemType>::getNumberOfNodes'
c:\users\somat\documents\cs3220 s19\finished assignments\module 2\project1\project1\binarysearchtree.cpp(237): error C2995: 'void BinarySearchTree<ItemType>::clear(void)': function template has already been defined
  c:\users\somat\documents\cs3220 s19\finished assignments\module 2\project1\project1\binarysearchtree.h(74): note: see declaration of 'BinarySearchTree<ItemType>::clear'
c:\users\somat\documents\cs3220 s19\finished assignments\module 2\project1\project1\binarysearchtree.cpp(246): error C2995: 'ItemType BinarySearchTree<ItemType>::getRootData(void) throw(PrecondViolatedExcept) const': function template has already been defined
  c:\users\somat\documents\cs3220 s19\finished assignments\module 2\project1\project1\binarysearchtree.h(70): note: see declaration of 'BinarySearchTree<ItemType>::getRootData'
c:\users\somat\documents\cs3220 s19\finished assignments\module 2\project1\project1\binarysearchtree.cpp(253): error C2995: 'void BinarySearchTree<ItemType>::setRootData(const ItemType &) throw(PrecondViolatedExcept) const': function template has already been defined
  c:\users\somat\documents\cs3220 s19\finished assignments\module 2\project1\project1\binarysearchtree.h(71): note: see declaration of 'BinarySearchTree<ItemType>::setRootData'
c:\users\somat\documents\cs3220 s19\finished assignments\module 2\project1\project1\binarysearchtree.cpp(262): error C2995: 'bool BinarySearchTree<ItemType>::add(const ItemType &)': function template has already been defined
  c:\users\somat\documents\cs3220 s19\finished assignments\module 2\project1\project1\binarysearchtree.h(72): note: see declaration of 'BinarySearchTree<ItemType>::add'
c:\users\somat\documents\cs3220 s19\finished assignments\module 2\project1\project1\binarysearchtree.cpp(270): error C2995: 'bool BinarySearchTree<ItemType>::remove(const ItemType &)': function template has already been defined
  c:\users\somat\documents\cs3220 s19\finished assignments\module 2\project1\project1\binarysearchtree.h(73): note: see declaration of 'BinarySearchTree<ItemType>::remove'
c:\users\somat\documents\cs3220 s19\finished assignments\module 2\project1\project1\binarysearchtree.cpp(281): error C2995: 'ItemType BinarySearchTree<ItemType>::getEntry(const ItemType &) throw(NotFoundException) const': function template has already been defined
  c:\users\somat\documents\cs3220 s19\finished assignments\module 2\project1\project1\binarysearchtree.h(75): note: see declaration of 'BinarySearchTree<ItemType>::getEntry'
c:\users\somat\documents\cs3220 s19\finished assignments\module 2\project1\project1\binarysearchtree.cpp(288): error C2995: 'bool BinarySearchTree<ItemType>::contains(const ItemType &) const': function template has already been defined
  c:\users\somat\documents\cs3220 s19\finished assignments\module 2\project1\project1\binarysearchtree.h(76): note: see declaration of 'BinarySearchTree<ItemType>::contains'
c:\users\somat\documents\cs3220 s19\finished assignments\module 2\project1\project1\binarysearchtree.cpp(299): error C2995: 'void BinarySearchTree<ItemType>::preorderTraverse(void (__cdecl *)(ItemType &)) const': function template has already been defined
  c:\users\somat\documents\cs3220 s19\finished assignments\module 2\project1\project1\binarysearchtree.h(82): note: see declaration of 'BinarySearchTree<ItemType>::preorderTraverse'
c:\users\somat\documents\cs3220 s19\finished assignments\module 2\project1\project1\binarysearchtree.cpp(305): error C2995: 'void BinarySearchTree<ItemType>::inorderTraverse(void (__cdecl *)(ItemType &)) const': function template has already been defined
  c:\users\somat\documents\cs3220 s19\finished assignments\module 2\project1\project1\binarysearchtree.h(83): note: see declaration of 'BinarySearchTree<ItemType>::inorderTraverse'
c:\users\somat\documents\cs3220 s19\finished assignments\module 2\project1\project1\binarysearchtree.cpp(311): error C2995: 'void BinarySearchTree<ItemType>::postorderTraverse(void (__cdecl *)(ItemType &)) const': function template has already been defined
  c:\users\somat\documents\cs3220 s19\finished assignments\module 2\project1\project1\binarysearchtree.h(84): note: see declaration of 'BinarySearchTree<ItemType>::postorderTraverse'
c:\users\somat\documents\cs3220 s19\finished assignments\module 2\project1\project1\binarysearchtree.cpp(327): error C2995: 'BinarySearchTree<ItemType> &BinarySearchTree<ItemType>::operator =(const BinarySearchTree<ItemType> &)': function template has already been defined
  c:\users\somat\documents\cs3220 s19\finished assignments\module 2\project1\project1\binarysearchtree.h(89): note: see declaration of 'BinarySearchTree<ItemType>::operator ='
  Main.cpp
c:\users\somat\documents\cs3220 s19\finished assignments\module 2\project1\project1\main.cpp(28): error C2995: 'BinaryNode<ItemType> *BinarySearchTree<ItemType>::insertInorder(BinaryNode<ItemType> *,BinaryNode<ItemType> *)': function template has already been defined
  c:\users\somat\documents\cs3220 s19\finished assignments\module 2\project1\project1\binarysearchtree.h(30): note: see declaration of 'BinarySearchTree<ItemType>::insertInorder'
c:\users\somat\documents\cs3220 s19\finished assignments\module 2\project1\project1\main.cpp(59): error C2995: 'BinaryNode<ItemType> *BinarySearchTree<ItemType>::removeValue(BinaryNode<ItemType> *,const ItemType,bool &)': function template has already been defined
  c:\users\somat\documents\cs3220 s19\finished assignments\module 2\project1\project1\binarysearchtree.h(35): note: see declaration of 'BinarySearchTree<ItemType>::removeValue'
c:\users\somat\documents\cs3220 s19\finished assignments\module 2\project1\project1\main.cpp(120): error C2995: 'BinaryNode<ItemType> *BinarySearchTree<ItemType>::removeNode(BinaryNode<ItemType> *)': function template has already been defined
  c:\users\somat\documents\cs3220 s19\finished assignments\module 2\project1\project1\binarysearchtree.h(41): note: see declaration of 'BinarySearchTree<ItemType>::removeNode'
c:\users\somat\documents\cs3220 s19\finished assignments\module 2\project1\project1\main.cpp(136): error C2995: 'BinaryNode<ItemType> *BinarySearchTree<ItemType>::removeLeftmostNode(BinaryNode<ItemType> *,ItemType &)': function template has already been defined
  c:\users\somat\documents\cs3220 s19\finished assignments\module 2\project1\project1\binarysearchtree.h(47): note: see declaration of 'BinarySearchTree<ItemType>::removeLeftmostNode'
c:\users\somat\documents\cs3220 s19\finished assignments\module 2\project1\project1\main.cpp(187): error C2995: 'BinaryNode<ItemType> *BinarySearchTree<ItemType>::findNode(BinaryNode<ItemType> *,const ItemType &) const': function template has already been defined
  c:\users\somat\documents\cs3220 s19\finished assignments\module 2\project1\project1\binarysearchtree.h(52): note: see declaration of 'BinarySearchTree<ItemType>::findNode'
c:\users\somat\documents\cs3220 s19\finished assignments\module 2\project1\project1\main.cpp(272): error C2065: 'searchForGivenItem': undeclared identifier
c:\users\somat\documents\cs3220 s19\finished assignments\module 2\project1\project1\main.cpp(275): error C2065: 'searchForGivenItem': undeclared identifier
c:\users\somat\documents\cs3220 s19\finished assignments\module 2\project1\project1\main.cpp(278): error C2065: 'searchForGivenValue': undeclared identifier
c:\users\somat\documents\cs3220 s19\finished assignments\module 2\project1\project1\main.cpp(281): error C2065: 'searchForGivenValue': undeclared identifier
c:\users\somat\documents\cs3220 s19\finished assignments\module 2\project1\project1\main.cpp(294): error C2995: 'BinarySearchTree<ItemType>::BinarySearchTree(void)': function template has already been defined
  c:\users\somat\documents\cs3220 s19\finished assignments\module 2\project1\project1\binarysearchtree.h(59): note: see declaration of 'BinarySearchTree<ItemType>::BinarySearchTree'
c:\users\somat\documents\cs3220 s19\finished assignments\module 2\project1\project1\main.cpp(300): error C2995: 'BinarySearchTree<ItemType>::BinarySearchTree(const ItemType &)': function template has already been defined
  c:\users\somat\documents\cs3220 s19\finished assignments\module 2\project1\project1\binarysearchtree.h(60): note: see declaration of 'BinarySearchTree<ItemType>::BinarySearchTree'
c:\users\somat\documents\cs3220 s19\finished assignments\module 2\project1\project1\main.cpp(306): error C2995: 'BinarySearchTree<ItemType>::BinarySearchTree(const BinarySearchTree<ItemType> &)': function template has already been defined
  c:\users\somat\documents\cs3220 s19\finished assignments\module 2\project1\project1\binarysearchtree.h(61): note: see declaration of 'BinarySearchTree<ItemType>::BinarySearchTree'
c:\users\somat\documents\cs3220 s19\finished assignments\module 2\project1\project1\main.cpp(312): error C2995: 'BinarySearchTree<ItemType>::~BinarySearchTree(void)': function template has already been defined
  c:\users\somat\documents\cs3220 s19\finished assignments\module 2\project1\project1\binarysearchtree.h(62): note: see declaration of 'BinarySearchTree<ItemType>::~BinarySearchTree'
c:\users\somat\documents\cs3220 s19\finished assignments\module 2\project1\project1\main.cpp(323): error C2995: 'bool BinarySearchTree<ItemType>::isEmpty(void) const': function template has already been defined
  c:\users\somat\documents\cs3220 s19\finished assignments\module 2\project1\project1\binarysearchtree.h(67): note: see declaration of 'BinarySearchTree<ItemType>::isEmpty'
c:\users\somat\documents\cs3220 s19\finished assignments\module 2\project1\project1\main.cpp(329): error C2995: 'int BinarySearchTree<ItemType>::getHeight(void) const': function template has already been defined
  c:\users\somat\documents\cs3220 s19\finished assignments\module 2\project1\project1\binarysearchtree.h(68): note: see declaration of 'BinarySearchTree<ItemType>::getHeight'
c:\users\somat\documents\cs3220 s19\finished assignments\module 2\project1\project1\main.cpp(335): error C2995: 'int BinarySearchTree<ItemType>::getNumberOfNodes(void) const': function template has already been defined
  c:\users\somat\documents\cs3220 s19\finished assignments\module 2\project1\project1\binarysearchtree.h(69): note: see declaration of 'BinarySearchTree<ItemType>::getNumberOfNodes'
c:\users\somat\documents\cs3220 s19\finished assignments\module 2\project1\project1\main.cpp(342): error C2995: 'void BinarySearchTree<ItemType>::clear(void)': function template has already been defined
  c:\users\somat\documents\cs3220 s19\finished assignments\module 2\project1\project1\binarysearchtree.h(74): note: see declaration of 'BinarySearchTree<ItemType>::clear'
c:\users\somat\documents\cs3220 s19\finished assignments\module 2\project1\project1\main.cpp(348): error C2065: 'PrecondViolatedExcep': undeclared identifier
c:\users\somat\documents\cs3220 s19\finished assignments\module 2\project1\project1\main.cpp(348): error C3861: 'PrecondViolatedExcep': identifier not found
  c:\users\somat\documents\cs3220 s19\finished assignments\module 2\project1\project1\main.cpp(348): note: 'PrecondViolatedExcep': function declaration must be available as none of the arguments depend on a template parameter
  c:\users\somat\documents\cs3220 s19\finished assignments\module 2\project1\project1\main.cpp(348): note: This diagnostic occurred in the compiler generated function 'ItemType BinarySearchTree<ItemType>::getRootData(void) throw(PrecondViolatedExcept) const'
c:\users\somat\documents\cs3220 s19\finished assignments\module 2\project1\project1\main.cpp(351): error C2995: 'ItemType BinarySearchTree<ItemType>::getRootData(void) throw(PrecondViolatedExcept) const': function template has already been defined
  c:\users\somat\documents\cs3220 s19\finished assignments\module 2\project1\project1\binarysearchtree.h(70): note: see declaration of 'BinarySearchTree<ItemType>::getRootData'
c:\users\somat\documents\cs3220 s19\finished assignments\module 2\project1\project1\main.cpp(358): error C2995: 'void BinarySearchTree<ItemType>::setRootData(const ItemType &) throw(PrecondViolatedExcept) const': function template has already been defined
  c:\users\somat\documents\cs3220 s19\finished assignments\module 2\project1\project1\binarysearchtree.h(71): note: see declaration of 'BinarySearchTree<ItemType>::setRootData'
c:\users\somat\documents\cs3220 s19\finished assignments\module 2\project1\project1\main.cpp(367): error C2995: 'bool BinarySearchTree<ItemType>::add(const ItemType &)': function template has already been defined
  c:\users\somat\documents\cs3220 s19\finished assignments\module 2\project1\project1\binarysearchtree.h(72): note: see declaration of 'BinarySearchTree<ItemType>::add'
c:\users\somat\documents\cs3220 s19\finished assignments\module 2\project1\project1\main.cpp(375): error C2995: 'bool BinarySearchTree<ItemType>::remove(const ItemType &)': function template has already been defined
  c:\users\somat\documents\cs3220 s19\finished assignments\module 2\project1\project1\binarysearchtree.h(73): note: see declaration of 'BinarySearchTree<ItemType>::remove'
c:\users\somat\documents\cs3220 s19\finished assignments\module 2\project1\project1\main.cpp(386): error C2995: 'ItemType BinarySearchTree<ItemType>::getEntry(const ItemType &) throw(NotFoundException) const': function template has already been defined
  c:\users\somat\documents\cs3220 s19\finished assignments\module 2\project1\project1\binarysearchtree.h(75): note: see declaration of 'BinarySearchTree<ItemType>::getEntry'
c:\users\somat\documents\cs3220 s19\finished assignments\module 2\project1\project1\main.cpp(393): error C2995: 'bool BinarySearchTree<ItemType>::contains(const ItemType &) const': function template has already been defined
  c:\users\somat\documents\cs3220 s19\finished assignments\module 2\project1\project1\binarysearchtree.h(76): note: see declaration of 'BinarySearchTree<ItemType>::contains'
c:\users\somat\documents\cs3220 s19\finished assignments\module 2\project1\project1\main.cpp(404): error C2995: 'void BinarySearchTree<ItemType>::preorderTraverse(void (__cdecl *)(ItemType &)) const': function template has already been defined
  c:\users\somat\documents\cs3220 s19\finished assignments\module 2\project1\project1\binarysearchtree.h(82): note: see declaration of 'BinarySearchTree<ItemType>::preorderTraverse'
c:\users\somat\documents\cs3220 s19\finished assignments\module 2\project1\project1\main.cpp(410): error C2995: 'void BinarySearchTree<ItemType>::inorderTraverse(void (__cdecl *)(ItemType &)) const': function template has already been defined
  c:\users\somat\documents\cs3220 s19\finished assignments\module 2\project1\project1\binarysearchtree.h(83): note: see declaration of 'BinarySearchTree<ItemType>::inorderTraverse'
c:\users\somat\documents\cs3220 s19\finished assignments\module 2\project1\project1\main.cpp(416): error C2995: 'void BinarySearchTree<ItemType>::postorderTraverse(void (__cdecl *)(ItemType &)) const': function template has already been defined
  c:\users\somat\documents\cs3220 s19\finished assignments\module 2\project1\project1\binarysearchtree.h(84): note: see declaration of 'BinarySearchTree<ItemType>::postorderTraverse'
c:\users\somat\documents\cs3220 s19\finished assignments\module 2\project1\project1\main.cpp(432): error C2995: 'BinarySearchTree<ItemType> &BinarySearchTree<ItemType>::operator =(const BinarySearchTree<ItemType> &)': function template has already been defined
  c:\users\somat\documents\cs3220 s19\finished assignments\module 2\project1\project1\binarysearchtree.h(89): note: see declaration of 'BinarySearchTree<ItemType>::operator ='
c:\users\somat\documents\cs3220 s19\finished assignments\module 2\project1\project1\main.cpp(449): error C3861: 'comparisonCounter': identifier not found
c:\users\somat\documents\cs3220 s19\finished assignments\module 2\project1\project1\main.cpp(458): error C3861: 'comparisonCounter': identifier not found
c:\users\somat\documents\cs3220 s19\finished assignments\module 2\project1\project1\main.cpp(460): error C3861: 'comparisonCounter': identifier not found
  Generating Code...
